<?xml version="1.0" encoding="UTF-8"?>
<!-- Generated by org.testng.reporters.JUnitReportReporter -->
<testsuite skipped="0" hostname="EPINHYDW0737" name="FirstFolder.SampleTest" tests="1" failures="0" timestamp="13 Apr 2019 11:54:14 GMT" time="0.000" errors="0">
  <testcase name="test1" time="0.000" classname="FirstFolder.SampleTest"/>
</testsuite> <!-- FirstFolder.SampleTest -->
